<?xml version="1.0" encoding="UTF-8"?>
<!-- Generated by org.testng.reporters.JUnitReportReporter -->
<testsuite hostname="BISWAJIT2000" failures="0" tests="1" name="OrangeHRM.test.BaseClass" time="32.251" errors="0" timestamp="2023-03-30T11:43:34 IST" skipped="0">
  <testcase classname="OrangeHRM.test.BaseClass" name="inti" time="32.251"/>
  <system-out/>
</testsuite> <!-- OrangeHRM.test.BaseClass -->
