<?xml version="1.0" encoding="UTF-8"?>
<!-- Generated by org.testng.reporters.JUnitReportReporter -->
<testsuite hostname="BISWAJIT2000" failures="0" tests="1" name="ListToSubList" time="29.061" errors="0" timestamp="2023-03-31T22:13:34 IST" skipped="0">
  <testcase classname="ListToSubList" name="inti" time="29.061"/>
  <system-out/>
</testsuite> <!-- ListToSubList -->
